<?xml version="1.0" encoding="UTF-8"?>
<testng-results skipped="0" failed="1" ignored="0" total="1" passed="0">
  <reporter-output>
  </reporter-output>
  <suite name="Default suite" duration-ms="50218" started-at="2018-05-27T14:07:58Z" finished-at="2018-05-27T14:08:49Z">
    <groups>
    </groups>
    <test name="Default test" duration-ms="50218" started-at="2018-05-27T14:07:58Z" finished-at="2018-05-27T14:08:49Z">
      <class name="testcases.TC007_PaypalSignup">
        <test-method status="PASS" signature="beforeSuite()[pri:0, instance:testcases.TC007_PaypalSignup@c0a365]" name="beforeSuite" is-config="true" duration-ms="924" started-at="2018-05-27T14:07:57Z" finished-at="2018-05-27T14:07:58Z">
          <reporter-output>
          </reporter-output>
        </test-method> <!-- beforeSuite -->
        <test-method status="PASS" signature="setData()[pri:0, instance:testcases.TC007_PaypalSignup@c0a365]" name="setData" is-config="true" duration-ms="1" started-at="2018-05-27T14:07:58Z" finished-at="2018-05-27T14:07:58Z">
          <reporter-output>
          </reporter-output>
        </test-method> <!-- setData -->
        <test-method status="PASS" signature="beforeClass()[pri:0, instance:testcases.TC007_PaypalSignup@c0a365]" name="beforeClass" is-config="true" duration-ms="3" started-at="2018-05-27T14:07:58Z" finished-at="2018-05-27T14:07:58Z">
          <reporter-output>
          </reporter-output>
        </test-method> <!-- beforeClass -->
        <test-method status="PASS" signature="beforeMethod()[pri:0, instance:testcases.TC007_PaypalSignup@c0a365]" name="beforeMethod" is-config="true" duration-ms="34975" started-at="2018-05-27T14:08:00Z" finished-at="2018-05-27T14:08:35Z">
          <reporter-output>
          </reporter-output>
        </test-method> <!-- beforeMethod -->
        <test-method status="FAIL" signature="paypalSignup(java.lang.String, java.lang.String, java.lang.String, java.lang.String)[pri:0, instance:testcases.TC007_PaypalSignup@c0a365]" name="paypalSignup" duration-ms="12625" started-at="2018-05-27T14:08:35Z" data-provider="fetchData" finished-at="2018-05-27T14:08:47Z">
          <params>
            <param index="0">
              <value>
                <![CDATA[India]]>
              </value>
            </param>
            <param index="1">
              <value>
                <![CDATA[mailtoravi@mailinator.com]]>
              </value>
            </param>
            <param index="2">
              <value>
                <![CDATA[Ravi@12345]]>
              </value>
            </param>
            <param index="3">
              <value>
                <![CDATA[Ravi@12345]]>
              </value>
            </param>
          </params>
          <exception class="java.lang.RuntimeException">
            <full-stacktrace>
              <![CDATA[java.lang.RuntimeException
at utils.Reporter.reportStep(Reporter.java:60)
at utils.Reporter.reportStep(Reporter.java:70)
at wdMethods.SeMethods.selectDropDownUsingText(SeMethods.java:189)
at PaypalPages.SignupDetails.enterEmail(SignupDetails.java:28)
at testcases.TC007_PaypalSignup.paypalSignup(TC007_PaypalSignup.java:28)
at sun.reflect.NativeMethodAccessorImpl.invoke0(Native Method)
at sun.reflect.NativeMethodAccessorImpl.invoke(Unknown Source)
at sun.reflect.DelegatingMethodAccessorImpl.invoke(Unknown Source)
at java.lang.reflect.Method.invoke(Unknown Source)
at org.testng.internal.MethodInvocationHelper.invokeMethod(MethodInvocationHelper.java:124)
at org.testng.internal.Invoker.invokeMethod(Invoker.java:583)
at org.testng.internal.Invoker.invokeTestMethod(Invoker.java:719)
at org.testng.internal.Invoker.invokeTestMethods(Invoker.java:989)
at org.testng.internal.TestMethodWorker.invokeTestMethods(TestMethodWorker.java:125)
at org.testng.internal.TestMethodWorker.run(TestMethodWorker.java:109)
at org.testng.TestRunner.privateRun(TestRunner.java:648)
at org.testng.TestRunner.run(TestRunner.java:505)
at org.testng.SuiteRunner.runTest(SuiteRunner.java:455)
at org.testng.SuiteRunner.runSequentially(SuiteRunner.java:450)
at org.testng.SuiteRunner.privateRun(SuiteRunner.java:415)
at org.testng.SuiteRunner.run(SuiteRunner.java:364)
at org.testng.SuiteRunnerWorker.runSuite(SuiteRunnerWorker.java:52)
at org.testng.SuiteRunnerWorker.run(SuiteRunnerWorker.java:84)
at org.testng.TestNG.runSuitesSequentially(TestNG.java:1208)
at org.testng.TestNG.runSuitesLocally(TestNG.java:1137)
at org.testng.TestNG.runSuites(TestNG.java:1049)
at org.testng.TestNG.run(TestNG.java:1017)
at org.testng.remote.AbstractRemoteTestNG.run(AbstractRemoteTestNG.java:114)
at org.testng.remote.RemoteTestNG.initAndRun(RemoteTestNG.java:251)
at org.testng.remote.RemoteTestNG.main(RemoteTestNG.java:77)
]]>
            </full-stacktrace>
          </exception> <!-- java.lang.RuntimeException -->
          <reporter-output>
          </reporter-output>
        </test-method> <!-- paypalSignup -->
        <test-method status="PASS" signature="afterMethod()[pri:0, instance:testcases.TC007_PaypalSignup@c0a365]" name="afterMethod" is-config="true" duration-ms="1306" started-at="2018-05-27T14:08:47Z" finished-at="2018-05-27T14:08:49Z">
          <reporter-output>
          </reporter-output>
        </test-method> <!-- afterMethod -->
        <test-method status="PASS" signature="afterTest()[pri:0, instance:testcases.TC007_PaypalSignup@c0a365]" name="afterTest" is-config="true" duration-ms="0" started-at="2018-05-27T14:08:49Z" finished-at="2018-05-27T14:08:49Z">
          <reporter-output>
          </reporter-output>
        </test-method> <!-- afterTest -->
        <test-method status="PASS" signature="afterSuite()[pri:0, instance:testcases.TC007_PaypalSignup@c0a365]" name="afterSuite" is-config="true" duration-ms="1110" started-at="2018-05-27T14:08:49Z" finished-at="2018-05-27T14:08:50Z">
          <reporter-output>
          </reporter-output>
        </test-method> <!-- afterSuite -->
      </class> <!-- testcases.TC007_PaypalSignup -->
    </test> <!-- Default test -->
  </suite> <!-- Default suite -->
</testng-results>
